<?xml version="1.0" encoding="utf-8"?><testsuites name="pytest tests"><testsuite name="pytest" errors="0" failures="0" skipped="0" tests="84" time="19.339" timestamp="2026-05-30T12:37:46.596493+00:00" hostname="agent-env-aabf8f0b-67b4-46ae-9ce0-e12571bc14dd"><testcase classname="backend.tests.test_glass_messenger.TestHealth" name="test_root" time="0.125" /><testcase classname="backend.tests.test_glass_messenger.TestHealth" name="test_openapi" time="0.055" /><testcase classname="backend.tests.test_glass_messenger.TestSignup" name="test_signup_success" time="0.271" /><testcase classname="backend.tests.test_glass_messenger.TestSignup" name="test_signup_duplicate_returns_409" time="0.047" /><testcase classname="backend.tests.test_glass_messenger.TestSignup" name="test_signup_invalid_username[ab]" time="0.042" /><testcase classname="backend.tests.test_glass_messenger.TestSignup" name="test_signup_invalid_username[with space]" time="0.045" /><testcase classname="backend.tests.test_glass_messenger.TestSignup" name="test_signup_invalid_username[has-dash]" time="0.043" /><testcase classname="backend.tests.test_glass_messenger.TestSignup" name="test_signup_invalid_username[xxxxxxxxxxxxxxxxxxxxx]" time="0.051" /><testcase classname="backend.tests.test_glass_messenger.TestSignup" name="test_signup_short_password" time="0.043" /><testcase classname="backend.tests.test_glass_messenger.TestLogin" name="test_login_success" time="0.269" /><testcase classname="backend.tests.test_glass_messenger.TestLogin" name="test_login_wrong_password" time="0.265" /><testcase classname="backend.tests.test_glass_messenger.TestLogin" name="test_login_unknown_user" time="0.048" /><testcase classname="backend.tests.test_glass_messenger.TestLogin" name="test_seed_users_login[alice]" time="0.267" /><testcase classname="backend.tests.test_glass_messenger.TestLogin" name="test_seed_users_login[bob]" time="0.269" /><testcase classname="backend.tests.test_glass_messenger.TestLogin" name="test_seed_users_login[charlie]" time="0.271" /><testcase classname="backend.tests.test_glass_messenger.TestMeLogout" name="test_me_with_token" time="0.044" /><testcase classname="backend.tests.test_glass_messenger.TestMeLogout" name="test_me_without_token" time="0.099" /><testcase classname="backend.tests.test_glass_messenger.TestMeLogout" name="test_me_invalid_token" time="0.107" /><testcase classname="backend.tests.test_glass_messenger.TestMeLogout" name="test_logout" time="0.047" /><testcase classname="backend.tests.test_glass_messenger.TestUpdateProfile" name="test_update_and_persist" time="0.101" /><testcase classname="backend.tests.test_glass_messenger.TestUpdateProfile" name="test_update_requires_auth" time="0.111" /><testcase classname="backend.tests.test_glass_messenger.TestAvatar" name="test_upload_avatar_and_fetch" time="0.336" /><testcase classname="backend.tests.test_glass_messenger.TestAvatar" name="test_upload_rejects_non_image" time="0.118" /><testcase classname="backend.tests.test_glass_messenger.TestAvatar" name="test_upload_requires_auth" time="0.114" /><testcase classname="backend.tests.test_glass_messenger_phase2.TestUsersSearch" name="test_search_finds_bob_excludes_self" time="0.386" /><testcase classname="backend.tests.test_glass_messenger_phase2.TestUsersSearch" name="test_search_unauth" time="0.048" /><testcase classname="backend.tests.test_glass_messenger_phase2.TestUsersSearch" name="test_search_empty_q_returns_empty" time="0.047" /><testcase classname="backend.tests.test_glass_messenger_phase2.TestUsersSearch" name="test_get_user_by_id" time="0.317" /><testcase classname="backend.tests.test_glass_messenger_phase2.TestUsersSearch" name="test_get_user_by_id_404" time="0.047" /><testcase classname="backend.tests.test_glass_messenger_phase2.TestConversations" name="test_seeded_conversations_present" time="0.320" /><testcase classname="backend.tests.test_glass_messenger_phase2.TestConversations" name="test_conversations_sorted_desc" time="0.048" /><testcase classname="backend.tests.test_glass_messenger_phase2.TestConversations" name="test_create_conversation_idempotent" time="0.099" /><testcase classname="backend.tests.test_glass_messenger_phase2.TestConversations" name="test_create_conv_self_rejected" time="0.045" /><testcase classname="backend.tests.test_glass_messenger_phase2.TestConversations" name="test_create_conv_user_not_found" time="0.046" /><testcase classname="backend.tests.test_glass_messenger_phase2.TestMessages" name="test_get_messages_order_and_seed_count" time="0.101" /><testcase classname="backend.tests.test_glass_messenger_phase2.TestMessages" name="test_get_messages_pagination_before" time="0.100" /><testcase classname="backend.tests.test_glass_messenger_phase2.TestMessages" name="test_get_messages_403_non_participant" time="0.059" /><testcase classname="backend.tests.test_glass_messenger_phase2.TestMessages" name="test_post_message_status_sent_when_bob_offline" time="0.104" /><testcase classname="backend.tests.test_glass_messenger_phase2.TestMessages" name="test_post_message_empty_rejected" time="0.047" /><testcase classname="backend.tests.test_glass_messenger_phase2.TestMessages" name="test_post_message_403" time="0.045" /><testcase classname="backend.tests.test_glass_messenger_phase2.TestReadMarker" name="test_mark_read_sets_seen" time="0.142" /><testcase classname="backend.tests.test_glass_messenger_phase2.TestReadMarker" name="test_mark_read_403" time="0.049" /><testcase classname="backend.tests.test_glass_messenger_phase2.TestPhase1Regression" name="test_health" time="0.046" /><testcase classname="backend.tests.test_glass_messenger_phase2.TestPhase1Regression" name="test_login_alice" time="0.271" /><testcase classname="backend.tests.test_glass_messenger_phase2.TestPhase1Regression" name="test_auth_me" time="0.047" /><testcase classname="backend.tests.test_glass_messenger_phase2.TestPhase1Regression" name="test_openapi_has_chat_paths" time="0.047" /><testcase classname="backend.tests.test_glass_messenger_phase2.TestWebSocket" name="test_ws_ready_and_ping" time="0.243" /><testcase classname="backend.tests.test_glass_messenger_phase2.TestWebSocket" name="test_ws_rejects_bad_token" time="0.162" /><testcase classname="backend.tests.test_glass_messenger_phase2.TestWebSocket" name="test_ws_typing_relay_and_message_realtime" time="3.635" /><testcase classname="backend.tests.test_glass_messenger_phase3.TestOpenAPI" name="test_openapi_has_upload_path" time="0.095" /><testcase classname="backend.tests.test_glass_messenger_phase3.TestImageUpload" name="test_image_upload_returns_media_with_dimensions" time="0.732" /><testcase classname="backend.tests.test_glass_messenger_phase3.TestImageUpload" name="test_image_upload_kind_mime_mismatch_400" time="0.044" /><testcase classname="backend.tests.test_glass_messenger_phase3.TestImageUpload" name="test_image_upload_updates_last_message" time="0.092" /><testcase classname="backend.tests.test_glass_messenger_phase3.TestFileUpload" name="test_file_upload_works" time="0.044" /><testcase classname="backend.tests.test_glass_messenger_phase3.TestVoiceUpload" name="test_voice_upload_with_duration_and_waveform" time="0.047" /><testcase classname="backend.tests.test_glass_messenger_phase3.TestVoiceUpload" name="test_voice_kind_with_non_audio_rejected" time="0.042" /><testcase classname="backend.tests.test_glass_messenger_phase3.TestPermissions" name="test_non_participant_403" time="0.312" /><testcase classname="backend.tests.test_glass_messenger_phase3.TestPermissions" name="test_missing_conversation_404" time="0.043" /><testcase classname="backend.tests.test_glass_messenger_phase3.TestPermissions" name="test_invalid_kind_400" time="0.045" /><testcase classname="backend.tests.test_glass_messenger_phase3.TestPermissions" name="test_unauth_401" time="0.046" /><testcase classname="backend.tests.test_glass_messenger_phase3.TestWebSocketBroadcast" name="test_ws_message_new_and_status_on_upload" time="2.787" /><testcase classname="backend.tests.test_glass_messenger_phase3.TestTextRegression" name="test_text_message_still_works" time="0.047" /><testcase classname="backend.tests.test_glass_messenger_phase4.TestSavedConversation" name="test_create_saved_idempotent" time="0.439" /><testcase classname="backend.tests.test_glass_messenger_phase4.TestSavedConversation" name="test_saved_pinned_first_in_list" time="0.097" /><testcase classname="backend.tests.test_glass_messenger_phase4.TestSavedConversation" name="test_send_text_in_saved_persists" time="0.146" /><testcase classname="backend.tests.test_glass_messenger_phase4.TestSavedConversation" name="test_saved_only_has_self" time="0.369" /><testcase classname="backend.tests.test_glass_messenger_phase4.TestUsernameSearch" name="test_by_username_found" time="0.048" /><testcase classname="backend.tests.test_glass_messenger_phase4.TestUsernameSearch" name="test_by_username_not_found_404" time="0.048" /><testcase classname="backend.tests.test_glass_messenger_phase4.TestUsernameSearch" name="test_by_username_case_insensitive" time="0.045" /><testcase classname="backend.tests.test_glass_messenger_phase4.TestUsernameSearch" name="test_search_at_prefix_returns_username_matches" time="0.365" /><testcase classname="backend.tests.test_glass_messenger_phase4.TestUsernameSearch" name="test_search_at_prefix_bob" time="0.046" /><testcase classname="backend.tests.test_glass_messenger_phase4.TestUsernameSearch" name="test_search_empty_at_returns_empty" time="0.048" /><testcase classname="backend.tests.test_glass_messenger_phase5a.TestConversationsShape" name="test_get_conversations_status" time="0.428" /><testcase classname="backend.tests.test_glass_messenger_phase5a.TestConversationsShape" name="test_saved_is_pinned_first" time="0.235" /><testcase classname="backend.tests.test_glass_messenger_phase5a.TestConversationsShape" name="test_each_conv_has_required_fields" time="0.131" /><testcase classname="backend.tests.test_glass_messenger_phase5a.TestConversationsShape" name="test_dm_other_user_shape" time="0.105" /><testcase classname="backend.tests.test_glass_messenger_phase5a.TestLatency" name="test_get_conversations_latency_under_2s" time="0.100" /><testcase classname="backend.tests.test_glass_messenger_phase5a.TestLatency" name="test_get_conversations_repeated_calls" time="0.541" /><testcase classname="backend.tests.test_glass_messenger_phase5a.TestUnreadAggregation" name="test_unread_count_increases_after_peer_message" time="0.861" /><testcase classname="backend.tests.test_glass_messenger_phase5a.TestSavedMessages" name="test_send_to_saved_persists" time="0.345" /><testcase classname="backend.tests.test_glass_messenger_phase5a.TestPhase4Regression" name="test_by_username_lookup" time="0.128" /><testcase classname="backend.tests.test_glass_messenger_phase5a.TestPhase4Regression" name="test_username_prefix_search" time="0.105" /><testcase classname="backend.tests.test_glass_messenger_phase5a.TestPhase4Regression" name="test_settings_me_has_username" time="0.111" /><testcase classname="backend.tests.test_glass_messenger_phase5a.TestRapidSends" name="test_each_post_creates_one_message" time="0.421" /></testsuite></testsuites>