<?xml version="1.0" encoding="utf-8"?><testsuites name="pytest tests"><testsuite name="pytest" errors="0" failures="7" skipped="0" tests="11" time="3.346" timestamp="2026-05-30T19:57:36.563716+00:00" hostname="agent-env-aabf8f0b-67b4-46ae-9ce0-e12571bc14dd"><testcase classname="backend.tests.test_phase9d.TestPatchAdminRoleEndpoint" name="test_promote_bob_to_admin" time="1.705" /><testcase classname="backend.tests.test_phase9d.TestPatchAdminRoleEndpoint" name="test_patch_title_and_perms" time="0.201"><failure message="AttributeError: 'list' object has no attribute 'get'">backend/tests/test_phase9d.py:75: in test_patch_title_and_perms
    members = m.json().get("participants") or m.json().get("members") or m.json()
              ^^^^^^^^^^^^
E   AttributeError: 'list' object has no attribute 'get'</failure></testcase><testcase classname="backend.tests.test_phase9d.TestPatchAdminRoleEndpoint" name="test_title_truncates_to_max" time="0.095"><failure message="assert 422 == 200&#10; +  where 422 = &lt;Response [422]&gt;.status_code">backend/tests/test_phase9d.py:93: in test_title_truncates_to_max
    assert r.status_code == 200
E   assert 422 == 200
E    +  where 422 = &lt;Response [422]&gt;.status_code</failure></testcase><testcase classname="backend.tests.test_phase9d.TestPatchAdminRoleEndpoint" name="test_non_owner_cannot_patch" time="0.248"><failure message="AssertionError: bob (no can_promote) should be 403, got 200&#10;assert 200 == 403&#10; +  where 200 = &lt;Response [200]&gt;.status_code">backend/tests/test_phase9d.py:115: in test_non_owner_cannot_patch
    assert r.status_code == 403, f"bob (no can_promote) should be 403, got {r.status_code}"
E   AssertionError: bob (no can_promote) should be 403, got 200
E   assert 200 == 403
E    +  where 200 = &lt;Response [200]&gt;.status_code</failure></testcase><testcase classname="backend.tests.test_phase9d.TestPermissionEnforcement" name="test_bob_cannot_invite" time="0.092"><failure message="AssertionError: bob invite -&gt; 200 {&quot;id&quot;:&quot;4cb301c5-11d2-4553-85fe-c4662766b4cd&quot;,&quot;kind&quot;:&quot;group&quot;,&quot;participants&quot;:[&quot;411e9301-ab81-422d-9a6a-aa5222d81ee5&quot;,&quot;b3691d30-d6d0-47d1-b89a-0163eafd1fe7&quot;,&quot;ba33e5a0-e71f-44c4-9347-95357bc34b1e&quot;],&quot;other_user&quot;:null,&quot;group&quot;:{&quot;title&quot;:&quot;TEST_Phase9D_1780171058&quot;,&quot;avatar_url&quot;:null,&quot;description&quot;:null,&quot;member_count&quot;:3,&quot;is_admin&quot;:true,&quot;is_owner&quot;:false,&quot;owner_id&quot;:&quot;411e9301-ab81-422d-9a6a-aa5222d81ee5&quot;,&quot;created_by&quot;:&quot;411e9301-ab81-422d-9a6a-aa5222d81ee5&quot;,&quot;admin_titles&quot;:{&quot;b3691d30-d6d0-47d1-b89a-0163eafd1fe7&quot;:&quot;Moderator&quot;,&quot;ba33e5a0-e71f-44c4-9347-95357bc34b1e&quot;:&quot;Hacker&quot;},&quot;admin_permissions&quot;:{&quot;b3691d30-d6d0-47d1-b89a-0163eafd1fe7&quot;:{&quot;can_pin&quot;:true}}},&quot;last_message&quot;:null,&quot;last_message_at&quot;:null,&quot;created_at&quot;:&quot;2026-05-30T19:57:38.197467+00:00&quot;,&quot;unread_count&quot;:0,&quot;is_public&quot;:false,&quot;handle&quot;:null,&quot;is_admin&quot;:true,&quot;posters_only&quot;:false}&#10;assert 200 == 403&#10; +  where 200 = &lt;Response [200]&gt;.status_code">backend/tests/test_phase9d.py:129: in test_bob_cannot_invite
    assert r.status_code == 403, f"bob invite -&gt; {r.status_code} {r.text}"
E   AssertionError: bob invite -&gt; 200 {"id":"4cb301c5-11d2-4553-85fe-c4662766b4cd","kind":"group","participants":["411e9301-ab81-422d-9a6a-aa5222d81ee5","b3691d30-d6d0-47d1-b89a-0163eafd1fe7","ba33e5a0-e71f-44c4-9347-95357bc34b1e"],"other_user":null,"group":{"title":"TEST_Phase9D_1780171058","avatar_url":null,"description":null,"member_count":3,"is_admin":true,"is_owner":false,"owner_id":"411e9301-ab81-422d-9a6a-aa5222d81ee5","created_by":"411e9301-ab81-422d-9a6a-aa5222d81ee5","admin_titles":{"b3691d30-d6d0-47d1-b89a-0163eafd1fe7":"Moderator","ba33e5a0-e71f-44c4-9347-95357bc34b1e":"Hacker"},"admin_permissions":{"b3691d30-d6d0-47d1-b89a-0163eafd1fe7":{"can_pin":true}}},"last_message":null,"last_message_at":null,"created_at":"2026-05-30T19:57:38.197467+00:00","unread_count":0,"is_public":false,"handle":null,"is_admin":true,"posters_only":false}
E   assert 200 == 403
E    +  where 200 = &lt;Response [200]&gt;.status_code</failure></testcase><testcase classname="backend.tests.test_phase9d.TestPermissionEnforcement" name="test_bob_cannot_edit_info" time="0.095"><failure message="assert 200 == 403&#10; +  where 200 = &lt;Response [200]&gt;.status_code">backend/tests/test_phase9d.py:136: in test_bob_cannot_edit_info
    assert r.status_code == 403
E   assert 200 == 403
E    +  where 200 = &lt;Response [200]&gt;.status_code</failure></testcase><testcase classname="backend.tests.test_phase9d.TestPermissionEnforcement" name="test_bob_cannot_promote" time="0.117"><failure message="assert 200 == 403&#10; +  where 200 = &lt;Response [200]&gt;.status_code">backend/tests/test_phase9d.py:144: in test_bob_cannot_promote
    assert r.status_code == 403
E   assert 200 == 403
E    +  where 200 = &lt;Response [200]&gt;.status_code</failure></testcase><testcase classname="backend.tests.test_phase9d.TestPermissionEnforcement" name="test_alice_owner_can_edit" time="0.148" /><testcase classname="backend.tests.test_phase9d.TestBackwardCompat" name="test_legacy_admin_can_edit_info" time="0.319" /><testcase classname="backend.tests.test_phase9d.TestBackwardCompat" name="test_legacy_admin_can_invite" time="0.111" /><testcase classname="backend.tests.test_phase9d.TestNewGroupEmptyParticipants" name="test_create_group_with_empty_participants" time="0.103"><failure message="AssertionError: assert False&#10; +  where False = &lt;built-in method startswith of str object at 0xff70b2940be8&gt;('TEST_Empty_')&#10; +    where &lt;built-in method startswith of str object at 0xff70b2940be8&gt; = ''.startswith&#10; +      where '' = &lt;built-in method get of dict object at 0xff70afd18f40&gt;('title', '')&#10; +        where &lt;built-in method get of dict object at 0xff70afd18f40&gt; = {'created_at': '2026-05-30T19:57:39.888846+00:00', 'group': {'admin_permissions': {}, 'admin_titles': {}, 'avatar_url': None, 'created_by': '411e9301-ab81-422d-9a6a-aa5222d81ee5', ...}, 'handle': None, 'id': '9e0c30b1-5731-4392-a40b-767c4c91dc95', ...}.get">backend/tests/test_phase9d.py:193: in test_create_group_with_empty_participants
    assert data.get("title", "").startswith("TEST_Empty_")
E   AssertionError: assert False
E    +  where False = &lt;built-in method startswith of str object at 0xff70b2940be8&gt;('TEST_Empty_')
E    +    where &lt;built-in method startswith of str object at 0xff70b2940be8&gt; = ''.startswith
E    +      where '' = &lt;built-in method get of dict object at 0xff70afd18f40&gt;('title', '')
E    +        where &lt;built-in method get of dict object at 0xff70afd18f40&gt; = {'created_at': '2026-05-30T19:57:39.888846+00:00', 'group': {'admin_permissions': {}, 'admin_titles': {}, 'avatar_url': None, 'created_by': '411e9301-ab81-422d-9a6a-aa5222d81ee5', ...}, 'handle': None, 'id': '9e0c30b1-5731-4392-a40b-767c4c91dc95', ...}.get</failure></testcase></testsuite></testsuites>