<?xml version="1.0" encoding="utf-8"?><testsuites name="pytest tests"><testsuite name="pytest" errors="0" failures="0" skipped="0" tests="15" time="29.883" timestamp="2026-05-30T13:19:30.112786+00:00" hostname="agent-env-aabf8f0b-67b4-46ae-9ce0-e12571bc14dd"><testcase classname="backend.tests.test_glass_messenger_phase5b.TestReply" name="test_reply_snapshot_in_response_and_get" time="2.198" /><testcase classname="backend.tests.test_glass_messenger_phase5b.TestReply" name="test_reply_to_invalid_id_400" time="0.100" /><testcase classname="backend.tests.test_glass_messenger_phase5b.TestEdit" name="test_edit_sets_edited_and_edited_at" time="0.225" /><testcase classname="backend.tests.test_glass_messenger_phase5b.TestEdit" name="test_non_sender_edit_403" time="0.223" /><testcase classname="backend.tests.test_glass_messenger_phase5b.TestDelete" name="test_delete_for_me" time="0.496" /><testcase classname="backend.tests.test_glass_messenger_phase5b.TestDelete" name="test_delete_for_everyone_tombstone" time="0.323" /><testcase classname="backend.tests.test_glass_messenger_phase5b.TestDelete" name="test_delete_for_everyone_non_sender_403" time="0.214" /><testcase classname="backend.tests.test_glass_messenger_phase5b.TestForward" name="test_forward_to_two_convs" time="0.208" /><testcase classname="backend.tests.test_glass_messenger_phase5b.TestForward" name="test_forward_skips_non_participant" time="0.225" /><testcase classname="backend.tests.test_glass_messenger_phase5b.TestPin" name="test_pin_sets_is_pinned_and_sort" time="0.500" /><testcase classname="backend.tests.test_glass_messenger_phase5b.TestPin" name="test_pin_cap_5" time="4.025" /><testcase classname="backend.tests.test_glass_messenger_phase5b.TestMute" name="test_mute_sets_is_muted" time="0.507" /><testcase classname="backend.tests.test_glass_messenger_phase5b.TestWebSocketEvents" name="test_message_edited_broadcast_to_peer" time="6.775" /><testcase classname="backend.tests.test_glass_messenger_phase5b.TestWebSocketEvents" name="test_message_deleted_broadcast" time="6.837" /><testcase classname="backend.tests.test_glass_messenger_phase5b.TestWebSocketEvents" name="test_conversation_updated_pin" time="6.929" /></testsuite></testsuites>