<?xml version="1.0" encoding="utf-8"?><testsuites name="pytest tests"><testsuite name="pytest" errors="0" failures="0" skipped="0" tests="12" time="3.989" timestamp="2026-05-30T12:37:37.483939+00:00" hostname="agent-env-aabf8f0b-67b4-46ae-9ce0-e12571bc14dd"><testcase classname="backend.tests.test_glass_messenger_phase5a.TestConversationsShape" name="test_get_conversations_status" time="0.557" /><testcase classname="backend.tests.test_glass_messenger_phase5a.TestConversationsShape" name="test_saved_is_pinned_first" time="0.259" /><testcase classname="backend.tests.test_glass_messenger_phase5a.TestConversationsShape" name="test_each_conv_has_required_fields" time="0.115" /><testcase classname="backend.tests.test_glass_messenger_phase5a.TestConversationsShape" name="test_dm_other_user_shape" time="0.095" /><testcase classname="backend.tests.test_glass_messenger_phase5a.TestLatency" name="test_get_conversations_latency_under_2s" time="0.139" /><testcase classname="backend.tests.test_glass_messenger_phase5a.TestLatency" name="test_get_conversations_repeated_calls" time="0.558" /><testcase classname="backend.tests.test_glass_messenger_phase5a.TestUnreadAggregation" name="test_unread_count_increases_after_peer_message" time="0.900" /><testcase classname="backend.tests.test_glass_messenger_phase5a.TestSavedMessages" name="test_send_to_saved_persists" time="0.345" /><testcase classname="backend.tests.test_glass_messenger_phase5a.TestPhase4Regression" name="test_by_username_lookup" time="0.114" /><testcase classname="backend.tests.test_glass_messenger_phase5a.TestPhase4Regression" name="test_username_prefix_search" time="0.101" /><testcase classname="backend.tests.test_glass_messenger_phase5a.TestPhase4Regression" name="test_settings_me_has_username" time="0.104" /><testcase classname="backend.tests.test_glass_messenger_phase5a.TestRapidSends" name="test_each_post_creates_one_message" time="0.620" /></testsuite></testsuites>