<?xml version="1.0" encoding="utf-8"?><testsuites name="pytest tests"><testsuite name="pytest" errors="0" failures="0" skipped="0" tests="13" time="4.727" timestamp="2026-05-30T11:18:34.539315+00:00" hostname="agent-env-aabf8f0b-67b4-46ae-9ce0-e12571bc14dd"><testcase classname="backend.tests.test_glass_messenger_phase3.TestOpenAPI" name="test_openapi_has_upload_path" time="0.222" /><testcase classname="backend.tests.test_glass_messenger_phase3.TestImageUpload" name="test_image_upload_returns_media_with_dimensions" time="0.755" /><testcase classname="backend.tests.test_glass_messenger_phase3.TestImageUpload" name="test_image_upload_kind_mime_mismatch_400" time="0.048" /><testcase classname="backend.tests.test_glass_messenger_phase3.TestImageUpload" name="test_image_upload_updates_last_message" time="0.101" /><testcase classname="backend.tests.test_glass_messenger_phase3.TestFileUpload" name="test_file_upload_works" time="0.047" /><testcase classname="backend.tests.test_glass_messenger_phase3.TestVoiceUpload" name="test_voice_upload_with_duration_and_waveform" time="0.046" /><testcase classname="backend.tests.test_glass_messenger_phase3.TestVoiceUpload" name="test_voice_kind_with_non_audio_rejected" time="0.048" /><testcase classname="backend.tests.test_glass_messenger_phase3.TestPermissions" name="test_non_participant_403" time="0.319" /><testcase classname="backend.tests.test_glass_messenger_phase3.TestPermissions" name="test_missing_conversation_404" time="0.045" /><testcase classname="backend.tests.test_glass_messenger_phase3.TestPermissions" name="test_invalid_kind_400" time="0.046" /><testcase classname="backend.tests.test_glass_messenger_phase3.TestPermissions" name="test_unauth_401" time="0.044" /><testcase classname="backend.tests.test_glass_messenger_phase3.TestWebSocketBroadcast" name="test_ws_message_new_and_status_on_upload" time="2.817" /><testcase classname="backend.tests.test_glass_messenger_phase3.TestTextRegression" name="test_text_message_still_works" time="0.047" /></testsuite></testsuites>