<?xml version="1.0" encoding="utf-8"?><testsuites name="pytest tests"><testsuite name="pytest" errors="0" failures="0" skipped="0" tests="10" time="1.812" timestamp="2026-05-30T11:54:03.918862+00:00" hostname="agent-env-aabf8f0b-67b4-46ae-9ce0-e12571bc14dd"><testcase classname="backend.tests.test_glass_messenger_phase4.TestSavedConversation" name="test_create_saved_idempotent" time="0.565" /><testcase classname="backend.tests.test_glass_messenger_phase4.TestSavedConversation" name="test_saved_pinned_first_in_list" time="0.094" /><testcase classname="backend.tests.test_glass_messenger_phase4.TestSavedConversation" name="test_send_text_in_saved_persists" time="0.137" /><testcase classname="backend.tests.test_glass_messenger_phase4.TestSavedConversation" name="test_saved_only_has_self" time="0.355" /><testcase classname="backend.tests.test_glass_messenger_phase4.TestUsernameSearch" name="test_by_username_found" time="0.045" /><testcase classname="backend.tests.test_glass_messenger_phase4.TestUsernameSearch" name="test_by_username_not_found_404" time="0.045" /><testcase classname="backend.tests.test_glass_messenger_phase4.TestUsernameSearch" name="test_by_username_case_insensitive" time="0.045" /><testcase classname="backend.tests.test_glass_messenger_phase4.TestUsernameSearch" name="test_search_at_prefix_returns_username_matches" time="0.353" /><testcase classname="backend.tests.test_glass_messenger_phase4.TestUsernameSearch" name="test_search_at_prefix_bob" time="0.047" /><testcase classname="backend.tests.test_glass_messenger_phase4.TestUsernameSearch" name="test_search_empty_at_returns_empty" time="0.044" /></testsuite></testsuites>