<?xml version="1.0" encoding="utf-8"?><testsuites name="pytest tests"><testsuite name="pytest" errors="0" failures="0" skipped="0" tests="25" time="6.959" timestamp="2026-05-30T10:54:47.727482+00:00" hostname="agent-env-aabf8f0b-67b4-46ae-9ce0-e12571bc14dd"><testcase classname="backend.tests.test_glass_messenger_phase2.TestUsersSearch" name="test_search_finds_bob_excludes_self" time="0.511" /><testcase classname="backend.tests.test_glass_messenger_phase2.TestUsersSearch" name="test_search_unauth" time="0.054" /><testcase classname="backend.tests.test_glass_messenger_phase2.TestUsersSearch" name="test_search_empty_q_returns_empty" time="0.051" /><testcase classname="backend.tests.test_glass_messenger_phase2.TestUsersSearch" name="test_get_user_by_id" time="0.332" /><testcase classname="backend.tests.test_glass_messenger_phase2.TestUsersSearch" name="test_get_user_by_id_404" time="0.052" /><testcase classname="backend.tests.test_glass_messenger_phase2.TestConversations" name="test_seeded_conversations_present" time="0.337" /><testcase classname="backend.tests.test_glass_messenger_phase2.TestConversations" name="test_conversations_sorted_desc" time="0.058" /><testcase classname="backend.tests.test_glass_messenger_phase2.TestConversations" name="test_create_conversation_idempotent" time="0.182" /><testcase classname="backend.tests.test_glass_messenger_phase2.TestConversations" name="test_create_conv_self_rejected" time="0.064" /><testcase classname="backend.tests.test_glass_messenger_phase2.TestConversations" name="test_create_conv_user_not_found" time="0.053" /><testcase classname="backend.tests.test_glass_messenger_phase2.TestMessages" name="test_get_messages_order_and_seed_count" time="0.115" /><testcase classname="backend.tests.test_glass_messenger_phase2.TestMessages" name="test_get_messages_pagination_before" time="0.105" /><testcase classname="backend.tests.test_glass_messenger_phase2.TestMessages" name="test_get_messages_403_non_participant" time="0.051" /><testcase classname="backend.tests.test_glass_messenger_phase2.TestMessages" name="test_post_message_status_sent_when_bob_offline" time="0.104" /><testcase classname="backend.tests.test_glass_messenger_phase2.TestMessages" name="test_post_message_empty_rejected" time="0.049" /><testcase classname="backend.tests.test_glass_messenger_phase2.TestMessages" name="test_post_message_403" time="0.052" /><testcase classname="backend.tests.test_glass_messenger_phase2.TestReadMarker" name="test_mark_read_sets_seen" time="0.149" /><testcase classname="backend.tests.test_glass_messenger_phase2.TestReadMarker" name="test_mark_read_403" time="0.051" /><testcase classname="backend.tests.test_glass_messenger_phase2.TestPhase1Regression" name="test_health" time="0.048" /><testcase classname="backend.tests.test_glass_messenger_phase2.TestPhase1Regression" name="test_login_alice" time="0.276" /><testcase classname="backend.tests.test_glass_messenger_phase2.TestPhase1Regression" name="test_auth_me" time="0.049" /><testcase classname="backend.tests.test_glass_messenger_phase2.TestPhase1Regression" name="test_openapi_has_chat_paths" time="0.058" /><testcase classname="backend.tests.test_glass_messenger_phase2.TestWebSocket" name="test_ws_ready_and_ping" time="0.220" /><testcase classname="backend.tests.test_glass_messenger_phase2.TestWebSocket" name="test_ws_rejects_bad_token" time="0.155" /><testcase classname="backend.tests.test_glass_messenger_phase2.TestWebSocket" name="test_ws_typing_relay_and_message_realtime" time="3.612" /></testsuite></testsuites>