<?xml version="1.0" encoding="utf-8"?><testsuites name="pytest tests"><testsuite name="pytest" errors="0" failures="1" skipped="0" tests="25" time="3.755" timestamp="2026-05-30T10:32:31.708988+00:00" hostname="agent-env-aabf8f0b-67b4-46ae-9ce0-e12571bc14dd"><testcase classname="backend.tests.test_glass_messenger.TestHealth" name="test_root" time="0.163" /><testcase classname="backend.tests.test_glass_messenger.TestHealth" name="test_openapi" time="0.048" /><testcase classname="backend.tests.test_glass_messenger.TestSignup" name="test_signup_success" time="0.275" /><testcase classname="backend.tests.test_glass_messenger.TestSignup" name="test_signup_duplicate_returns_409" time="0.045" /><testcase classname="backend.tests.test_glass_messenger.TestSignup" name="test_signup_invalid_username[ab]" time="0.049" /><testcase classname="backend.tests.test_glass_messenger.TestSignup" name="test_signup_invalid_username[BadCaps]" time="0.269"><failure message="AssertionError: expected 422 for username='BadCaps', got 200&#10;assert 200 == 422&#10; +  where 200 = &lt;Response [200]&gt;.status_code">backend/tests/test_glass_messenger.py:81: in test_signup_invalid_username
    assert r.status_code == 422, f"expected 422 for username={username!r}, got {r.status_code}"
E   AssertionError: expected 422 for username='BadCaps', got 200
E   assert 200 == 422
E    +  where 200 = &lt;Response [200]&gt;.status_code</failure></testcase><testcase classname="backend.tests.test_glass_messenger.TestSignup" name="test_signup_invalid_username[with space]" time="0.064" /><testcase classname="backend.tests.test_glass_messenger.TestSignup" name="test_signup_invalid_username[has-dash]" time="0.048" /><testcase classname="backend.tests.test_glass_messenger.TestSignup" name="test_signup_invalid_username[xxxxxxxxxxxxxxxxxxxxx]" time="0.047" /><testcase classname="backend.tests.test_glass_messenger.TestSignup" name="test_signup_short_password" time="0.044" /><testcase classname="backend.tests.test_glass_messenger.TestLogin" name="test_login_success" time="0.275" /><testcase classname="backend.tests.test_glass_messenger.TestLogin" name="test_login_wrong_password" time="0.267" /><testcase classname="backend.tests.test_glass_messenger.TestLogin" name="test_login_unknown_user" time="0.045" /><testcase classname="backend.tests.test_glass_messenger.TestLogin" name="test_seed_users_login[alice]" time="0.272" /><testcase classname="backend.tests.test_glass_messenger.TestLogin" name="test_seed_users_login[bob]" time="0.270" /><testcase classname="backend.tests.test_glass_messenger.TestLogin" name="test_seed_users_login[charlie]" time="0.287" /><testcase classname="backend.tests.test_glass_messenger.TestMeLogout" name="test_me_with_token" time="0.045" /><testcase classname="backend.tests.test_glass_messenger.TestMeLogout" name="test_me_without_token" time="0.152" /><testcase classname="backend.tests.test_glass_messenger.TestMeLogout" name="test_me_invalid_token" time="0.118" /><testcase classname="backend.tests.test_glass_messenger.TestMeLogout" name="test_logout" time="0.046" /><testcase classname="backend.tests.test_glass_messenger.TestUpdateProfile" name="test_update_and_persist" time="0.091" /><testcase classname="backend.tests.test_glass_messenger.TestUpdateProfile" name="test_update_requires_auth" time="0.106" /><testcase classname="backend.tests.test_glass_messenger.TestAvatar" name="test_upload_avatar_and_fetch" time="0.328" /><testcase classname="backend.tests.test_glass_messenger.TestAvatar" name="test_upload_rejects_non_image" time="0.101" /><testcase classname="backend.tests.test_glass_messenger.TestAvatar" name="test_upload_requires_auth" time="0.116" /></testsuite></testsuites>